<?xml version="1.0" encoding="UTF-8"?>
<coverage generated="1510314245786" clover="3.2.0">
  <project timestamp="1510314245786" name="All files">
    <metrics statements="16" coveredstatements="15" conditionals="2" coveredconditionals="1" methods="6" coveredmethods="5" elements="24" coveredelements="21" complexity="0" loc="16" ncloc="16" packages="3" files="4" classes="4">
      <package name="app">
        <metrics statements="2" coveredstatements="2" conditionals="0" coveredconditionals="0" methods="1" coveredmethods="1"/>
        <file name="helpers.js" path="/Users/andyblackledge/Sites/bb-react-prototype/app/helpers.js">
          <metrics statements="2" coveredstatements="2" conditionals="0" coveredconditionals="0" methods="1" coveredmethods="1"/>
          <line num="3" count="2" type="stmt"/>
          <line num="4" count="1" type="stmt"/>
        </file>
      </package>
      <package name="app.components">
        <metrics statements="8" coveredstatements="8" conditionals="2" coveredconditionals="1" methods="4" coveredmethods="4"/>
        <file name="feature.jsx" path="/Users/andyblackledge/Sites/bb-react-prototype/app/components/feature.jsx">
          <metrics statements="4" coveredstatements="4" conditionals="0" coveredconditionals="0" methods="2" coveredmethods="2"/>
          <line num="9" count="1" type="stmt"/>
          <line num="13" count="1" type="stmt"/>
          <line num="15" count="1" type="stmt"/>
          <line num="35" count="1" type="stmt"/>
        </file>
        <file name="promo.jsx" path="/Users/andyblackledge/Sites/bb-react-prototype/app/components/promo.jsx">
          <metrics statements="4" coveredstatements="4" conditionals="2" coveredconditionals="1" methods="2" coveredmethods="2"/>
          <line num="9" count="1" type="stmt"/>
          <line num="13" count="1" type="stmt"/>
          <line num="15" count="1" type="stmt"/>
          <line num="40" count="1" type="stmt"/>
        </file>
      </package>
      <package name="test">
        <metrics statements="6" coveredstatements="5" conditionals="0" coveredconditionals="0" methods="1" coveredmethods="0"/>
        <file name="jestsetup.js" path="/Users/andyblackledge/Sites/bb-react-prototype/test/jestsetup.js">
          <metrics statements="6" coveredstatements="5" conditionals="0" coveredconditionals="0" methods="1" coveredmethods="0"/>
          <line num="4" count="2" type="stmt"/>
          <line num="6" count="2" type="stmt"/>
          <line num="7" count="2" type="stmt"/>
          <line num="8" count="2" type="stmt"/>
          <line num="10" count="2" type="stmt"/>
          <line num="11" count="0" type="stmt"/>
        </file>
      </package>
    </metrics>
  </project>
</coverage>
