{"/Users/andyblackledge/Sites/bb-react-prototype/app/helpers.js": {"path":"/Users/andyblackledge/Sites/bb-react-prototype/app/helpers.js","statementMap":{"0":{"start":{"line":3,"column":28},"end":{"line":5,"column":1}},"1":{"start":{"line":4,"column":2},"end":{"line":4,"column":30}}},"fnMap":{"0":{"name":"(anonymous_0)","decl":{"start":{"line":3,"column":28},"end":{"line":3,"column":29}},"loc":{"start":{"line":3,"column":49},"end":{"line":5,"column":1}},"line":3}},"branchMap":{},"s":{"0":2,"1":1},"f":{"0":1},"b":{},"_coverageSchema":"332fd63041d2c1bcb487cc26dd0d5f7d97098a6c","hash":"b3b758798de8aad367c0a03bd4351c316cc48242"}
,"/Users/andyblackledge/Sites/bb-react-prototype/app/components/feature.jsx": {"path":"/Users/andyblackledge/Sites/bb-react-prototype/app/components/feature.jsx","statementMap":{"0":{"start":{"line":9,"column":4},"end":{"line":9,"column":12}},"1":{"start":{"line":13,"column":21},"end":{"line":13,"column":36}},"2":{"start":{"line":15,"column":4},"end":{"line":31,"column":5}},"3":{"start":{"line":35,"column":0},"end":{"line":37,"column":1}}},"fnMap":{"0":{"name":"(anonymous_0)","decl":{"start":{"line":8,"column":2},"end":{"line":8,"column":3}},"loc":{"start":{"line":8,"column":16},"end":{"line":10,"column":3}},"line":8},"1":{"name":"(anonymous_1)","decl":{"start":{"line":12,"column":2},"end":{"line":12,"column":3}},"loc":{"start":{"line":12,"column":11},"end":{"line":32,"column":3}},"line":12}},"branchMap":{},"s":{"0":1,"1":1,"2":1,"3":1},"f":{"0":1,"1":1},"b":{},"_coverageSchema":"332fd63041d2c1bcb487cc26dd0d5f7d97098a6c","hash":"d3b2618b4d7a1345b47d27ece295c9e1c6dc7f16"}
,"/Users/andyblackledge/Sites/bb-react-prototype/app/components/promo.jsx": {"path":"/Users/andyblackledge/Sites/bb-react-prototype/app/components/promo.jsx","statementMap":{"0":{"start":{"line":9,"column":4},"end":{"line":9,"column":12}},"1":{"start":{"line":13,"column":21},"end":{"line":13,"column":36}},"2":{"start":{"line":15,"column":4},"end":{"line":36,"column":5}},"3":{"start":{"line":40,"column":0},"end":{"line":42,"column":1}}},"fnMap":{"0":{"name":"(anonymous_0)","decl":{"start":{"line":8,"column":2},"end":{"line":8,"column":3}},"loc":{"start":{"line":8,"column":16},"end":{"line":10,"column":3}},"line":8},"1":{"name":"(anonymous_1)","decl":{"start":{"line":12,"column":2},"end":{"line":12,"column":3}},"loc":{"start":{"line":12,"column":11},"end":{"line":37,"column":3}},"line":12}},"branchMap":{"0":{"loc":{"start":{"line":26,"column":18},"end":{"line":28,"column":24}},"type":"cond-expr","locations":[{"start":{"line":27,"column":20},"end":{"line":27,"column":73}},{"start":{"line":28,"column":20},"end":{"line":28,"column":24}}],"line":26}},"s":{"0":1,"1":1,"2":1,"3":1},"f":{"0":1,"1":1},"b":{"0":[1,0]},"_coverageSchema":"332fd63041d2c1bcb487cc26dd0d5f7d97098a6c","hash":"a1be717f2ffa69f0dd5109b5fb3ef33614d5bd95"}
,"/Users/andyblackledge/Sites/bb-react-prototype/test/jestsetup.js": {"path":"/Users/andyblackledge/Sites/bb-react-prototype/test/jestsetup.js","statementMap":{"0":{"start":{"line":4,"column":0},"end":{"line":4,"column":45}},"1":{"start":{"line":6,"column":0},"end":{"line":6,"column":25}},"2":{"start":{"line":7,"column":0},"end":{"line":7,"column":23}},"3":{"start":{"line":8,"column":0},"end":{"line":8,"column":21}},"4":{"start":{"line":10,"column":0},"end":{"line":12,"column":2}},"5":{"start":{"line":11,"column":3},"end":{"line":11,"column":28}}},"fnMap":{"0":{"name":"(anonymous_0)","decl":{"start":{"line":10,"column":16},"end":{"line":10,"column":17}},"loc":{"start":{"line":10,"column":27},"end":{"line":12,"column":1}},"line":10}},"branchMap":{},"s":{"0":2,"1":2,"2":2,"3":2,"4":2,"5":0},"f":{"0":0},"b":{},"_coverageSchema":"332fd63041d2c1bcb487cc26dd0d5f7d97098a6c","hash":"1b5851213e48cf59bb2500154c3b0a730c206c90"}
}
