TN:
SF:/Users/andyblackledge/Sites/bb-react-prototype/app/helpers.js
FN:3,(anonymous_0)
FNF:1
FNH:1
FNDA:1,(anonymous_0)
DA:3,2
DA:4,1
LF:2
LH:2
BRF:0
BRH:0
end_of_record
TN:
SF:/Users/andyblackledge/Sites/bb-react-prototype/app/components/feature.jsx
FN:8,(anonymous_0)
FN:12,(anonymous_1)
FNF:2
FNH:2
FNDA:1,(anonymous_0)
FNDA:1,(anonymous_1)
DA:9,1
DA:13,1
DA:15,1
DA:35,1
LF:4
LH:4
BRF:0
BRH:0
end_of_record
TN:
SF:/Users/andyblackledge/Sites/bb-react-prototype/app/components/promo.jsx
FN:8,(anonymous_0)
FN:12,(anonymous_1)
FNF:2
FNH:2
FNDA:1,(anonymous_0)
FNDA:1,(anonymous_1)
DA:9,1
DA:13,1
DA:15,1
DA:40,1
LF:4
LH:4
BRDA:26,0,0,1
BRDA:26,0,1,0
BRF:2
BRH:1
end_of_record
TN:
SF:/Users/andyblackledge/Sites/bb-react-prototype/test/jestsetup.js
FN:10,(anonymous_0)
FNF:1
FNH:0
FNDA:0,(anonymous_0)
DA:4,2
DA:6,2
DA:7,2
DA:8,2
DA:10,2
DA:11,0
LF:6
LH:5
BRF:0
BRH:0
end_of_record
