TN:
SF:/Users/andyblackledge/Sites/bb-react-prototype/app/helpers.js
FN:3,(anonymous_0)
FNF:1
FNH:1
FNDA:2,(anonymous_0)
DA:3,2
DA:4,2
LF:2
LH:2
BRF:0
BRH:0
end_of_record
TN:
SF:/Users/andyblackledge/Sites/bb-react-prototype/app/components/feature.jsx
FN:8,(anonymous_0)
FN:12,(anonymous_1)
FNF:2
FNH:2
FNDA:2,(anonymous_0)
FNDA:2,(anonymous_1)
DA:9,2
DA:13,2
DA:15,2
DA:35,1
LF:4
LH:4
BRF:0
BRH:0
end_of_record
TN:
SF:/Users/andyblackledge/Sites/bb-react-prototype/app/components/menu.jsx
FN:6,(anonymous_0)
FN:11,(anonymous_1)
FN:16,(anonymous_2)
FNF:3
FNH:3
FNDA:3,(anonymous_0)
FNDA:1,(anonymous_1)
FNDA:3,(anonymous_2)
DA:7,3
DA:8,3
DA:13,1
DA:17,3
DA:19,3
DA:32,1
LF:6
LH:6
BRDA:17,0,0,1
BRDA:17,0,1,2
BRF:2
BRH:2
end_of_record
TN:
SF:/Users/andyblackledge/Sites/bb-react-prototype/app/components/promo.jsx
FN:8,(anonymous_0)
FN:12,(anonymous_1)
FNF:2
FNH:2
FNDA:2,(anonymous_0)
FNDA:2,(anonymous_1)
DA:9,2
DA:13,2
DA:15,2
DA:40,1
LF:4
LH:4
BRDA:26,0,0,1
BRDA:26,0,1,1
BRF:2
BRH:2
end_of_record
TN:
SF:/Users/andyblackledge/Sites/bb-react-prototype/app/components/_footer/footer.jsx
FN:5,(anonymous_0)
FNF:1
FNH:1
FNDA:1,(anonymous_0)
DA:6,1
LF:1
LH:1
BRF:0
BRH:0
end_of_record
TN:
SF:/Users/andyblackledge/Sites/bb-react-prototype/app/components/_header/header.jsx
FN:6,(anonymous_0)
FN:12,(anonymous_1)
FN:17,(anonymous_2)
FNF:3
FNH:3
FNDA:2,(anonymous_0)
FNDA:1,(anonymous_1)
FNDA:2,(anonymous_2)
DA:7,2
DA:9,2
DA:13,1
DA:14,1
DA:18,2
DA:31,1
LF:6
LH:6
BRF:0
BRH:0
end_of_record
TN:
SF:/Users/andyblackledge/Sites/bb-react-prototype/test/jestsetup.js
FN:13,(anonymous_0)
FNF:1
FNH:0
FNDA:0,(anonymous_0)
DA:7,5
DA:9,5
DA:10,5
DA:11,5
DA:13,5
DA:14,0
LF:6
LH:5
BRF:0
BRH:0
end_of_record
TN:
SF:/Users/andyblackledge/Sites/bb-react-prototype/test/tempPolyfills.js
FN:1,(anonymous_0)
FNF:1
FNH:0
FNDA:0,(anonymous_0)
DA:1,5
DA:2,0
LF:2
LH:1
BRF:0
BRH:0
end_of_record
